<?xml version="1.0" encoding="UTF-8"?>
<robot generator="Robot 3.2.1 (Python 3.8.3 on win32)" generated="20200730 21:24:29.622" rpa="false">
<suite id="s1" name="Receber-Pedidos" source="c:\roboweek\ninjachef\web\tests\receber-pedidos.robot">
<test id="s1-t1" name="Receber novo pedido">
<kw name="Open Session" library="base" type="setup">
<kw name="Open Browser" library="SeleniumLibrary">
<doc>Opens a new browser instance to the optional ``url``.</doc>
<arguments>
<arg>about:blank</arg>
<arg>chrome</arg>
</arguments>
<msg timestamp="20200730 21:24:30.031" level="INFO">Opening browser 'chrome' to base url 'about:blank'.</msg>
<status status="PASS" starttime="20200730 21:24:30.030" endtime="20200730 21:24:34.968"></status>
</kw>
<status status="PASS" starttime="20200730 21:24:30.030" endtime="20200730 21:24:34.969"></status>
</kw>
<kw name="Dado que &quot;antonio@gmail.com&quot; é a minha conta de cozinheiro" library="kws">
<kw name="Set Test Variable" library="BuiltIn">
<doc>Makes a variable available everywhere within the scope of the current test.</doc>
<arguments>
<arg>${email_cozinheiro}</arg>
</arguments>
<msg timestamp="20200730 21:24:34.971" level="INFO">${email_cozinheiro} = antonio@gmail.com</msg>
<status status="PASS" starttime="20200730 21:24:34.970" endtime="20200730 21:24:34.971"></status>
</kw>
<kw name="Get Api Token" library="helpers">
<arguments>
<arg>${email_cozinheiro}</arg>
</arguments>
<assign>
<var>${token_cozinheiro}</var>
</assign>
<kw name="Create Dictionary" library="BuiltIn">
<doc>Creates and returns a dictionary based on the given ``items``.</doc>
<arguments>
<arg>Content-Type=application/json</arg>
</arguments>
<assign>
<var>&amp;{headers}</var>
</assign>
<msg timestamp="20200730 21:24:34.972" level="INFO">&amp;{headers} = { Content-Type=application/json }</msg>
<status status="PASS" starttime="20200730 21:24:34.971" endtime="20200730 21:24:34.972"></status>
</kw>
<kw name="Create Dictionary" library="BuiltIn">
<doc>Creates and returns a dictionary based on the given ``items``.</doc>
<arguments>
<arg>email=${email_param}</arg>
</arguments>
<assign>
<var>&amp;{payload}</var>
</assign>
<msg timestamp="20200730 21:24:34.972" level="INFO">&amp;{payload} = { email=antonio@gmail.com }</msg>
<status status="PASS" starttime="20200730 21:24:34.972" endtime="20200730 21:24:34.972"></status>
</kw>
<kw name="Create Session" library="RequestsLibrary">
<doc>Create Session: create a HTTP session to a server</doc>
<arguments>
<arg>api</arg>
<arg>${api_url}</arg>
</arguments>
<msg timestamp="20200730 21:24:34.973" level="INFO">Creating Session using : alias=api, url=http://ninjachef-api-qaninja-io.umbler.net, headers={},                     cookies={}, auth=None, timeout=None, proxies=None, verify=False,                     debug=0 </msg>
<status status="PASS" starttime="20200730 21:24:34.973" endtime="20200730 21:24:34.973"></status>
</kw>
<kw name="Post Request" library="RequestsLibrary">
<doc>Send a POST request on the session object found using the
given `alias`</doc>
<arguments>
<arg>api</arg>
<arg>/sessions</arg>
<arg>data=${payload}</arg>
<arg>headers=${headers}</arg>
</arguments>
<assign>
<var>${resp}</var>
</assign>
<msg timestamp="20200730 21:24:36.022" level="INFO">POST Request : url=http://ninjachef-api-qaninja-io.umbler.net/sessions 
 path_url=/sessions 
 headers={'User-Agent': 'python-requests/2.24.0', 'Accept-Encoding': 'gzip, deflate', 'Accept': '*/*', 'Connection': 'keep-alive', 'Content-Type': 'application/json', 'Content-Length': '30'} 
 body={"email": "antonio@gmail.com"} 
 </msg>
<msg timestamp="20200730 21:24:36.023" level="INFO">POST Response : url=http://ninjachef-api-qaninja-io.umbler.net/sessions 
 status=200, reason=OK 
 body={"_id":"5f1f6aca42f1f60016038dc6","email":"antonio@gmail.com","__v":0} 
 </msg>
<msg timestamp="20200730 21:24:36.023" level="INFO">${resp} = &lt;Response [200]&gt;</msg>
<status status="PASS" starttime="20200730 21:24:34.973" endtime="20200730 21:24:36.023"></status>
</kw>
<kw name="Status Should Be" library="RequestsLibrary">
<doc>Fails if response status code is different than the expected.</doc>
<arguments>
<arg>200</arg>
<arg>${resp}</arg>
</arguments>
<status status="PASS" starttime="20200730 21:24:36.023" endtime="20200730 21:24:36.023"></status>
</kw>
<kw name="Convert To String" library="BuiltIn">
<doc>Converts the given item to a Unicode string.</doc>
<arguments>
<arg>${resp.json()['_id']}</arg>
</arguments>
<assign>
<var>${token}</var>
</assign>
<msg timestamp="20200730 21:24:36.024" level="INFO">${token} = 5f1f6aca42f1f60016038dc6</msg>
<status status="PASS" starttime="20200730 21:24:36.024" endtime="20200730 21:24:36.024"></status>
</kw>
<msg timestamp="20200730 21:24:36.025" level="INFO">${token_cozinheiro} = 5f1f6aca42f1f60016038dc6</msg>
<status status="PASS" starttime="20200730 21:24:34.971" endtime="20200730 21:24:36.025"></status>
</kw>
<kw name="Set Test Variable" library="BuiltIn">
<doc>Makes a variable available everywhere within the scope of the current test.</doc>
<arguments>
<arg>${token_cozinheiro}</arg>
</arguments>
<msg timestamp="20200730 21:24:36.026" level="INFO">${token_cozinheiro} = 5f1f6aca42f1f60016038dc6</msg>
<status status="PASS" starttime="20200730 21:24:36.025" endtime="20200730 21:24:36.026"></status>
</kw>
<status status="PASS" starttime="20200730 21:24:34.970" endtime="20200730 21:24:36.027"></status>
</kw>
<kw name="E &quot;antoniocliente@gmail.com&quot; é o email do meu cliente" library="kws">
<kw name="Set Test Variable" library="BuiltIn">
<doc>Makes a variable available everywhere within the scope of the current test.</doc>
<arguments>
<arg>${email_cliente}</arg>
</arguments>
<msg timestamp="20200730 21:24:36.029" level="INFO">${email_cliente} = antoniocliente@gmail.com</msg>
<status status="PASS" starttime="20200730 21:24:36.028" endtime="20200730 21:24:36.029"></status>
</kw>
<kw name="Get Api Token" library="helpers">
<arguments>
<arg>${email_cliente}</arg>
</arguments>
<assign>
<var>${token_cliente}</var>
</assign>
<kw name="Create Dictionary" library="BuiltIn">
<doc>Creates and returns a dictionary based on the given ``items``.</doc>
<arguments>
<arg>Content-Type=application/json</arg>
</arguments>
<assign>
<var>&amp;{headers}</var>
</assign>
<msg timestamp="20200730 21:24:36.030" level="INFO">&amp;{headers} = { Content-Type=application/json }</msg>
<status status="PASS" starttime="20200730 21:24:36.030" endtime="20200730 21:24:36.030"></status>
</kw>
<kw name="Create Dictionary" library="BuiltIn">
<doc>Creates and returns a dictionary based on the given ``items``.</doc>
<arguments>
<arg>email=${email_param}</arg>
</arguments>
<assign>
<var>&amp;{payload}</var>
</assign>
<msg timestamp="20200730 21:24:36.031" level="INFO">&amp;{payload} = { email=antoniocliente@gmail.com }</msg>
<status status="PASS" starttime="20200730 21:24:36.031" endtime="20200730 21:24:36.031"></status>
</kw>
<kw name="Create Session" library="RequestsLibrary">
<doc>Create Session: create a HTTP session to a server</doc>
<arguments>
<arg>api</arg>
<arg>${api_url}</arg>
</arguments>
<msg timestamp="20200730 21:24:36.032" level="INFO">Creating Session using : alias=api, url=http://ninjachef-api-qaninja-io.umbler.net, headers={},                     cookies={}, auth=None, timeout=None, proxies=None, verify=False,                     debug=0 </msg>
<status status="PASS" starttime="20200730 21:24:36.032" endtime="20200730 21:24:36.032"></status>
</kw>
<kw name="Post Request" library="RequestsLibrary">
<doc>Send a POST request on the session object found using the
given `alias`</doc>
<arguments>
<arg>api</arg>
<arg>/sessions</arg>
<arg>data=${payload}</arg>
<arg>headers=${headers}</arg>
</arguments>
<assign>
<var>${resp}</var>
</assign>
<msg timestamp="20200730 21:24:36.327" level="INFO">POST Request : url=http://ninjachef-api-qaninja-io.umbler.net/sessions 
 path_url=/sessions 
 headers={'User-Agent': 'python-requests/2.24.0', 'Accept-Encoding': 'gzip, deflate', 'Accept': '*/*', 'Connection': 'keep-alive', 'Content-Type': 'application/json', 'Content-Length': '37'} 
 body={"email": "antoniocliente@gmail.com"} 
 </msg>
<msg timestamp="20200730 21:24:36.328" level="INFO">POST Response : url=http://ninjachef-api-qaninja-io.umbler.net/sessions 
 status=200, reason=OK 
 body={"_id":"5f206a3842f1f60016038e53","email":"antoniocliente@gmail.com","__v":0} 
 </msg>
<msg timestamp="20200730 21:24:36.328" level="INFO">${resp} = &lt;Response [200]&gt;</msg>
<status status="PASS" starttime="20200730 21:24:36.032" endtime="20200730 21:24:36.328"></status>
</kw>
<kw name="Status Should Be" library="RequestsLibrary">
<doc>Fails if response status code is different than the expected.</doc>
<arguments>
<arg>200</arg>
<arg>${resp}</arg>
</arguments>
<status status="PASS" starttime="20200730 21:24:36.328" endtime="20200730 21:24:36.329"></status>
</kw>
<kw name="Convert To String" library="BuiltIn">
<doc>Converts the given item to a Unicode string.</doc>
<arguments>
<arg>${resp.json()['_id']}</arg>
</arguments>
<assign>
<var>${token}</var>
</assign>
<msg timestamp="20200730 21:24:36.329" level="INFO">${token} = 5f206a3842f1f60016038e53</msg>
<status status="PASS" starttime="20200730 21:24:36.329" endtime="20200730 21:24:36.329"></status>
</kw>
<msg timestamp="20200730 21:24:36.330" level="INFO">${token_cliente} = 5f206a3842f1f60016038e53</msg>
<status status="PASS" starttime="20200730 21:24:36.029" endtime="20200730 21:24:36.330"></status>
</kw>
<kw name="Set Test Variable" library="BuiltIn">
<doc>Makes a variable available everywhere within the scope of the current test.</doc>
<arguments>
<arg>${token_cliente}</arg>
</arguments>
<msg timestamp="20200730 21:24:36.330" level="INFO">${token_cliente} = 5f206a3842f1f60016038e53</msg>
<status status="PASS" starttime="20200730 21:24:36.330" endtime="20200730 21:24:36.330"></status>
</kw>
<status status="PASS" starttime="20200730 21:24:36.027" endtime="20200730 21:24:36.330"></status>
</kw>
<kw name="E que &quot;Assado de Lentilha&quot; está cadastrado no meu dashboard" library="kws">
<kw name="Set Test Variable" library="BuiltIn">
<doc>Makes a variable available everywhere within the scope of the current test.</doc>
<arguments>
<arg>${produto}</arg>
</arguments>
<msg timestamp="20200730 21:24:36.332" level="INFO">${produto} = Assado de Lentilha</msg>
<status status="PASS" starttime="20200730 21:24:36.332" endtime="20200730 21:24:36.332"></status>
</kw>
<kw name="Create Dictionary" library="BuiltIn">
<doc>Creates and returns a dictionary based on the given ``items``.</doc>
<arguments>
<arg>name=${produto}</arg>
<arg>plate=Tipo</arg>
<arg>price=30.00</arg>
</arguments>
<assign>
<var>&amp;{payload}</var>
</assign>
<msg timestamp="20200730 21:24:36.333" level="INFO">&amp;{payload} = { name=Assado de Lentilha | plate=Tipo | price=30.00 }</msg>
<status status="PASS" starttime="20200730 21:24:36.332" endtime="20200730 21:24:36.333"></status>
</kw>
<kw name="Get Binary File" library="OperatingSystem">
<doc>Returns the contents of a specified file.</doc>
<arguments>
<arg>${EXECDIR}/resources/images/AssadoLentilha.jpg</arg>
</arguments>
<assign>
<var>${image_file}</var>
</assign>
<msg timestamp="20200730 21:24:36.333" level="INFO" html="yes">Getting file '&lt;a href="file://c:\roboweek\ninjachef\web\resources\images\AssadoLentilha.jpg"&gt;c:\roboweek\ninjachef\web\resources\images\AssadoLentilha.jpg&lt;/a&gt;'.</msg>
<msg timestamp="20200730 21:24:36.357" level="INFO">${image_file} = \xff\xd8\xff\xe0JFIFHH\xff\xdbC				
!'"#%%%),($+!$%$\xff\xdbC				$$$$$$$$$$$$$$$$$$$$$$$$$$$$$$$$$$$$$$$$$$$$$$$$$$$\xff\xc2\xb8\...</msg>
<status status="PASS" starttime="20200730 21:24:36.333" endtime="20200730 21:24:36.357"></status>
</kw>
<kw name="Create Dictionary" library="BuiltIn">
<doc>Creates and returns a dictionary based on the given ``items``.</doc>
<arguments>
<arg>thumbnail=${image_file}</arg>
</arguments>
<assign>
<var>&amp;{files}</var>
</assign>
<msg timestamp="20200730 21:24:36.381" level="INFO">&amp;{files} = { thumbnail=\xff\xd8\xff\xe0JFIFHH\xff\xdbC				
!'"#%%%),($+!$%$\xff\xdbC				$$$$$$$$$$$$$$$$$$$$$$$$$$$$$$$$$$$$$$$$$$$$$$$$$$$\xff\x...</msg>
<status status="PASS" starttime="20200730 21:24:36.357" endtime="20200730 21:24:36.381"></status>
</kw>
<kw name="Create Dictionary" library="BuiltIn">
<doc>Creates and returns a dictionary based on the given ``items``.</doc>
<arguments>
<arg>user_id=${token_cozinheiro}</arg>
</arguments>
<assign>
<var>&amp;{headers}</var>
</assign>
<msg timestamp="20200730 21:24:36.382" level="INFO">&amp;{headers} = { user_id=5f1f6aca42f1f60016038dc6 }</msg>
<status status="PASS" starttime="20200730 21:24:36.381" endtime="20200730 21:24:36.382"></status>
</kw>
<kw name="Create Session" library="RequestsLibrary">
<doc>Create Session: create a HTTP session to a server</doc>
<arguments>
<arg>api</arg>
<arg>${api_url}</arg>
</arguments>
<msg timestamp="20200730 21:24:36.382" level="INFO">Creating Session using : alias=api, url=http://ninjachef-api-qaninja-io.umbler.net, headers={},                     cookies={}, auth=None, timeout=None, proxies=None, verify=False,                     debug=0 </msg>
<status status="PASS" starttime="20200730 21:24:36.382" endtime="20200730 21:24:36.383"></status>
</kw>
<kw name="Post Request" library="RequestsLibrary">
<doc>Send a POST request on the session object found using the
given `alias`</doc>
<arguments>
<arg>api</arg>
<arg>/products</arg>
<arg>files=${files}</arg>
<arg>data=${payload}</arg>
<arg>headers=${headers}</arg>
</arguments>
<assign>
<var>${resp}</var>
</assign>
<msg timestamp="20200730 21:24:37.130" level="INFO">POST Request : url=http://ninjachef-api-qaninja-io.umbler.net/products 
 path_url=/products 
 headers={'User-Agent': 'python-requests/2.24.0', 'Accept-Encoding': 'gzip, deflate', 'Accept': '*/*', 'Connection': 'keep-alive', 'user_id': '5f1f6aca42f1f60016038dc6', 'Content-Length': '69359', 'Content-Type': 'multipart/form-data; boundary=41e25278ee50b95264cfab03d5eb8596'} 
 body=b'--41e25278ee50b95264cfab03d5eb8596\r\nContent-Disposition: form-data; name="name"\r\n\r\nAssado de Lentilha\r\n--41e25278ee50b95264cfab03d5eb8596\r\nContent-Disposition: form-data; name="plate"\r\n\r\nTipo\r\n--41e25278ee50b95264cfab03d5eb8596\r\nContent-Disposition: form-data; name="price"\r\n\r\n30.00\r\n--41e25278ee50b95264cfab03d5eb8596\r\nContent-Disposition: form-data; name="thumbnail"; filename="thumbnail"\r\n\r\n\xff\xd8\xff\xe0\x00\x10JFIF\x00\x01\x01\x01\x00H\x00H\x00\x00\xff\xdb\x00C\x00\x06\x04\x04\x05\x04\x04\x06\x05\x05\x05\x06\x06\x06\x07\t\x0e\t\t\x08\x08\t\x12\r\r\n\x0e\x15\x12\x16\x16\x15\x12\x14\x14\x17\x1a!\x1c\x17\x18\x1f\x19\x14\x14\x1d\'\x1d\x1f"#%%%\x16\x1c),($+!$%$\xff\xdb\x00C\x01\x06\x06\x06\t\x08\t\x11\t\t\x11$\x18\x14\x18$$$$$$$$$$$$$$$$$$$$$$$$$$$$$$$$$$$$$$$$$$$$$$$$$$\xff\xc2\x00\x11\x08\x01\xb8\x02\x94\x03\x01"\x00\x02\x11\x01\x03\x11\x01\xff\xc4\x00\x1b\x00\x00\x01\x05\x01\x01\x00\x00\x00\x00\x00\x00\x00\x00\x00\x00\x00\x04\x00\x01\x02\x03\x05\x06\x07\xff\xc4\x00\x1a\x01\x00\x03\x01\x01\x01\x01\x00\x00\x00\x00\x00\x00\x00\x00\x00\x00\x00\x01\x02\x03\x04\x05\x06\xff\xda\x00\x0c\x03\x01\x00\x02\x10\x03\x10\x00\x00\x01\xef\xdd\xe5\xe6\xee\xce\x99\x0f\x19H E2\xdaD\xc9\xd2\xcb\xf3\xf7\x8a\x8a\xe7\xd6\xcb*\xba\xe7N\xea\x9f\xdb\xe2\xb1V\xb7\x87\x82\x90E\xa4\x90\x93&amp;;\xc5\x04\xe5[\x84\x9e)\xa9&lt;$\x0f*\xe4\x16&lt;d\x12\x94\\\x1d\xd9\xc1M\x9c\x12v\x1at\xe0\xc9\xe2,\x9f2\xeep\xcb\xf3\x8a\xc8\x1ej\x11\x9b9\x8c4\t\xcdc7CLN\x1b\xef\xd6\x18\x97j@`"\x83\xaa\x8b\xc2Z\xb9\xce\x99\x05\xef4\xa9\xfa\xdeK\xaeG\xa7\x19\x85\xbby$\x90\x92H\x12g\x06I\x02I\x00\xd5\xdf_\x9d\xd1\x15+\x11T\x9e,\x9bQL:\xb3\x8f\x0b\x83z\xd4\xd6V\x88\xac\x8b\x83\x9aQ\xf7x\xd2\x8a\xda\x1d\xd9\x02u\x10\x92\xad\xc2j,\x13\x94d\xc9;8\x99:c:H\x94\xa2\xec\xb1\xe2\xe0\xee\x9c\x1eQ\x90$\xe8i\xd3\x83PNpqY$bF\xc5q\xfb\xd6\xdcbj\xb8\xbc\x99&gt;\x7fA\x8d%&amp;\x9b\xb1\x92~?X\x8c\x89\x8b\xaaH\xbc\xfdo\x87\xddY\xces\xd3\x05\x17ET\xe6A\xefZz&lt;\xc4\xce\xdf\xac\xe2;\x8a\xc9$\x9c\xa4\xc8\x1d2\x04\x99\x02I\x00o\x88\xbes\xd0\xd9\xaf"2\xf4\x87\x11\xa2\x8a #:sB\x966d\x1d&gt;U+\xe8+\xa32c\x16\xf6\xf9e\x18\xbd)\xa8\xa0\x9b2c:@\xec\x90I\xc7 \x1eQ\x93Jl\xed+#\x14\xdeU\xd4\x99o\x9b\x14\xf5\x96\x1d\x89\xedK\x06\xc0\xdbn~\xc0\xdc~z\xd0\xdd\xcc\x0c\x04r9\x07\xe6-iP{S\xd2\xc8\x84\xae\x87G\x91\xbf\x96;&amp;\xe4-\x8c\xfa\x813\x8c\x06;\x04x:\x8e\\\x92\xf4|\xec\xcd\xa7z\x06\xfb*\xde\xca\xa6\x89\x0e\xf3\x81&lt;}W}\xc1w\xb5\x92I8f\x92\x06N\x81\x92@\x92A\xc82\x8f\xcdzN\xa2\x93\x94\xab\xb2\x95\x87\x81\xa3\xbef\x8at}N`\xcai4H\x01\x87A\xef7\xb5\\\x93\x8aI83\xb3\x834\x9c\x13N\xb4\xc74\x1c\xac\xf4\xe9[\x02\xcaz\x0f\x97Zg\xc0Z\xb2\xd0\x833\x9e^\x82\xa2\xfb\xcaI\xe2\xd5r\x93!\xe2\xec\xc8\xc9X\x02\x8el\x11\xc1\xe3ob\xdd\x85\x16k\x9b\x98t\x045H#E\xac\xd1\xc3\xca\x98\xa8_T*t\x1cK\x95\\]V\'B\x84\xael\x8clh\xbb\xeb-\x1dwc\xcetw\x8aI9I I0&amp;N\t$\x1c|\'\x0f\x9b\xf4Y$\x9b\xd9\\\xd9n\x80\x1a;\xe7\x96!\x03\xfa8=\x88\xaaQ"\xbb\xa9\x1b*,\xd2S;\xb4\xeaA\x8c\x99d\xc3-t\xc6\xa7"t\xd7\x18y\xe7m\x97\xb3\x9e\x8dj\x85+Mh\xb8\xb0\x9e6RU\x12LB\xaaN\xdd\x1c\x9aiv\x99!\xf4\x1aa\x8fI\x99\xd9\xd1C\xc6\xc4J\x163*\xba!\x8671\xda\xf1\x94\xf2\xe90]\n\xd9\xa2+\x19\x90YJ`\xb5F\xd4\xe1\'\x98Fp\x92eLd\x99\x15\xd5\n\x92\x08\n\xe6\x19\xa3\x97\xd1I\xdf\xeas\x0c\xf2\xeaV&amp;\x9e\x90Bg\xa9gH\x19;\x02I\x07!\x0b\x1b\xe7=\x1a\xd4\x9e\\lk\x11n\x80f\xf4\xe5\x86\xac\x97\xa5\x83M\xa7iM\xa4\x17\xdc1\x1aK\xca\xb1b\x84\xc0\x0e\x9en\xfe\x9a\xca\xb4o&lt;\xa3\x0e\xaa\xa2\xac\xf24\x18\x1b8\x81\xca\xa29\xec}\xde\xc7\xa2\xe1\xfa\xd7\xc9l/\x8e\x9ehf\xe3\x97\x1aX\xd6A\x06\x17\x84R]PB\xeb\xf5\xf2\x81\x07\x0b7tj\x94\xd5\x95UP\x17\xc5\xf5\x017\xc1Q\xa5\x9b`\xf5\xda\xd70t\xc8S\x83\x84\x9e\xb7\x1c\x9e\xb4\x9c\xac\xae\xe9n\xc9\x86\xca\xa9\xdc\\D\x0e\x96Gh&amp;\xd6`\x17=\xe2T\xda3G\xe8d\xbdOP\xfc\x96\x9e\x91\xb2\x87\xbfII!r\xad&amp;\xf9\xce\xf8\'R\xdeQ\x92w\x9a\t\x9dyf\'\x97\xa5\x83I\xd3\x1eP\xb8$\xf5\xb4]\x04[\x8f\x15\xc7\x8dm+\xabGw\x98&amp;4\xeaI\xcf5\xe3kYV\xd8\xd4\x0e\xa8\xaa\xf8\xa0\xbb\x05\x1a\xe6\xf5C\x9byJ\x8d\x01\\ \x88\xaa-\xb1\xf7\xe8\x1eF\x94i\xcfCH\xce6\xa3b\xbcm-\xb0\x85ff\x92\xf6\xd7JcWuH\xc7\xe5\xfb\xcc\xbb8\xc8i\xe7Z\x84]\x9aN\x90$\xcc9\xb2\x90\xd5\xb5:\x08\xa5\xebM\xc8n\x9cAu/d=\x084DU\xd4\xd6#\x98b\x02\xba\xac\x984\x15@&amp;\xba\xa1\xad\x85\xc7*5\x9aq\xf2\xf4\x82\x91\x03\x19\xf4\x88\xdar\xc9\xa2\x9e\xac\xe58\xcbIgb\xc7SIgp\xb3B\x9aAfm\x03\x17\xe7u\x95\x03tXm\x9e\xda\xda\x9c\xc5\xb8\xe9\xd2\x15\x87\xbd\xa6\x10\xb4\x88m\x95y\x9b\x17I\x9e[P\xcb\xa9\x90s\xac\xaf\xe6\xe9\xcf\xd6\xecC6\x1a\xf8\xaa\xb9V\x8aU\x95*rs\x9e^\xbc\xc27l\x00\xb7K=\xe7\x97\x03\xa15\x98.\x8d\x01\x99\x95\xbb\x9fK\x06\x9d\xca\xb4X\xaemM\n\xf7\xa6Q9\xde\x98\xb6\xdbj\x05&gt;\xe3e\xbd\xd1"^\xc5\xa3\x8a\x8d+k5\x83L=\x04\\%\xd6\n\xbb\xd5@\xe5USS\xaa\xcb\x81!\xd34M\xe3\x9fL\xbbRx6\xa5\xd8de\x10\x9c\x0e\xae\xd4\xe7\x1b\xd9\x89Ac\xa6\xf5\xf8z\xfb\xe79&amp;\xd2\x152\xcbO\xce\x85\xdc\xe7\xf9{\x95%\x03\x9e\xc4+*\x96^\x8ej\xcfN\x9eBi^5\xd9\x17\xd7\'\x86\x9eBJ\xab\xf1\x96\x99\x83\xbe\xfcv\xef&lt;)\xd7\xce\x9degEk@r5\x81\xa9"\xc8\xac\xc3\x98l\xefH\x90\xea\xdb\x18C_:\xb3\xce\xae\xf5\x9b\x10-@\xd5g\xd7\xa7\x11d\xd5\xab]\x19\x0f\xb3`\xb1\xae6\x03\x06\xdd8\x86}\xc6^\x02i\xc2\xa4L\xfaH\tP\xfaM\x0f,\xfdZa\x9d!\xc9\x95\xf4$_\\\xafeB\x11r\x19f\xaaQW6\x99T\xf6\x108Z\xa4\xd2\x9c\x10\xcaQh\xaa\xaf\x82\xce\xa8\'&lt;\x81\xf5-\xcc\xf4]8\xc7;@\x1b\x9c\x9e/\xd0\xf13\xd7\x8d\x8d2\xe4\xefiMR\xb6r\x976\xc6\x9f\x82b[\xe8"v\xc4\xb96U\xc6\x90\xea\xd9\xaa\xae\x85\xa0\x98\x80\x1c\x95tE\xa9!\xaa\xacq{(\x8bk@\x9ad\xde(\xe9k\x95\x89n\xb1x{\xa1\xd69\xb5\x946u:\x0b\x1d\x01\xcbJ\x85T+\xdcC\xbd\xf6\x00\xaeL\x98\x05\xa6\xd4\xd5\x17\xc4\xd0\xa0b\x8b\x08Y\x96C93\xf1Z\xbdn\xbfc\x9a\xd6\\:\x03\x12\x9f+\x8fe\xc1pUi\n(D\xc8&lt;\xdfl\xa34\x82Rd\t=\x89\xddT\x9b;\x9d\x04P:\xa5!\xa5\x89\xb0\rH\xea\x07\xcb\xda\xeb\xc0J\x0b\x839\x8ek\xd10\xf1\xdf\x8ei\xbf?d\xe4+\xcd\x1b\x01l\x8a\xea\xa9\xc3#3zU\x15\xd3\x85\x17\xd0\xc8;\x1bX\x89X\xf2\xba\xc5t\x96\x0c\x9eZ\x99\xb8\xd6W\xa1\xb9fy\x073\xceTVT\xdb)C\xbb\x1bBmC\x7f\x04\x8b\x9b\xc1\xda\x8e\x9c\xf9#\xe9\r\x9d\x87u\xea]"\xdd9p\xa6\xe8\x14\xc6a\xe8\x17a\x03\xd2\xf1:\xa2\x99\x97\x8c\xe5\xd2\x8eao\x0f\x8f\xcd\xee.{d\xf5Y\xb7Vai[\x9aAq\x9ai\xc7\xbeA5\x94\x935I\xbap\x8cS"oZ\x1d\xf7\x03\xa1-\\=\xf1P\x83X4\t\xa3\xc9PZ\x99\x93C\xec\x80(\xfa\xe8\xe5\xea\xf6s\x8e1\xd4\xb5\x87\xc6\xfa6\x0e\x1d\x1c\x94\x1e9\xed;\x87\xb3=\x89\x8d\x11Oc\xa1\xe4d\x9fUX\xec\xb3\xbc\xa1\x8ehm\x0c\xfb\xb4\x82\xb0u\xb9\xc4s\xce(\xeb\xd4\xe8;n?\xa79\x8d\xa2\x82k\x91\xc0\x81\xf1C_\x10m[]\x90\xcfBw\xb9\xc9\xa9\xe82\xba0\xfb\xb8s\xab\x94\xb9\xf5\x80\x84I\x18|\xefY\xcdO\xa5Yx[oc\xf7\xf2\x0f\x9f%\xcdz)J\xf9\x855\x17\x12\xaf\x03\xd4\xd9\x80r\xd7\x1dQ$G\xbb\xe7*i9\x99\x87\x80R*\xb6\xea\xd8Bes]\x82\xc7\xa3\x1b\xe96\xe0\xc8\xbbB\x94\xc18kr\xbb\x88\x12\xd9\xaa\xe4\xd3E-\'\x01k$H\xbb\xf3\xb4\xc2\x10\xbay\xec&gt;\xa9\xb3\xb5;y\xc2\xa3Dp\xe4\xb9\xdfH\xe6\xb9z\xb9\x9bcn=U(\xc2\xa6d\r8\xb3u0\xac\x8a\xe8\xcd\xe7\x0bq\xa6:&gt;\xb3\xc3\xb7d\x16\xb0\x880\x99\xd2\xbd\x10\x8d\xbc\xeb\x96p\x19^\xd8\x19t\xe7]&amp;\x10\xb4XKhbf\xc9\xda\xc5\xb5?L\xbf\x88\xeb\xfd\x1f=\x80\xdam\xb2\xe7l\xba\xbemFk\xe3/6\xeb\xe6\xaa4\x94(\x1e6iMU\x8aP\xdeo\xa7\xb4-v\xe5\xd27B\x16\xa7\xa3\xe4\xe7\xeb\xe7\x99\xb6TN\xda\xea`\x1e\xb6*4\x12\x83-T\xa0\x84\x1c~\xac\x08;\x16\xe0\xe8\xe5\x8f\xads`z\x16K\xc6\xbc\xec\xfct\xaep\x9c\xd5I\xe5 oess\xa6\xca\xc5Lel\xd6?O\xcd\x9bk\xa6\xa2Wvs\x05Q4\'\xc8s\xde\x95\xc3\xf3u\xe6\xd84\xa7R!1s\xd2\xda\xda\xdaW\x97\x98v4~\x8d\x17\xb8\x95Y\xe2e[\x81\xcf\x19Y\xa6\xe0-\x16\x83\x02\xec\xd3\xc0\xd1\rA\x14\xd9Z\x08\'\x1b\xa0\x86\x1dr\xb9\xa3:\xde\'\xa0\xb8\xec\x94\x9b\xd6\xf3V~\x82\x9a\xe7\xd6\x9ew.\xd4\xc6\xd8\xc5*\xac\xb8)\x85\xf4\x0f\x9b\x81\xf8\x9ew\xaaf\x80\xdb\xb7\x11&lt;S\xfb\xbc\xd0\x8a\x1c\x96\x995m^=\xd4\x82\x9c\xe4!TRvPt:\xf9\xf3\x07\xd2\x14*\xb8q\xc3\xad\xd3\xf3\x9e\xaa\x8d\xd6Rk\x1a\xcd`\xb2\xb0\x9aUc\xa4ax\xb3S\x8bM:\x1d\xe2\x81\xc7,EZ\x1b\x18M\xae](\xc4W\xd7\x80u\\\xd3\\\x16_\xa2\xf1\x9c\xfdB\xd7R\xcb\xa2*\x12e\xbb\xd8o\x8dj\xceC\xf2mUU\x91\xb6\x05\x04;\xcdUu6k#\x99IJPZ9\x02\xb0\xec\xdd\x11\xd3\xa4\x1d\xb0\xe9\xbc\xbcq\x9b\xd5\xf9\xe6\x95/cA\x99\xeb\xf9i\xb0\xa7\x86\xbby\xf7\x95\xb6|\xc2\xe8\xb29\xb6\xa1J\xb8\xa8D\x9a\x13\x18m\x04\x9bF\xfc\x0c\xb4\xe8\x8c\xe3\xcf\xf2z\xb4-iz\xbcMU\xed\xd1\rBCEU\x01AE\x0fF2\x8fg4(*(\xcd\x13`@\xc6\xd4\x1c\xc9\xa9\xf4\xdc\xb6@\xfd\x19g\x1d\xaep\xc8\xdd\xa2+(c\xc4\xe7\xd4K\xebY\xdb\xce\xca\x19`\xe5!g\x91\x08\'wC\xcbko\x99Q8N\x8ch\x0c\xe8\xa7\xe7\xb8\xfe\x91\xc3\xf3v\x070\xee\x8d\xad38\xdc\xac\xa0n\x1b\x19"a\xc0n\xa9\xba\xe6q\xb60\xebb\x1e\xa4w \x00*\xea\'5\xa7P\xf0\xbc\xf4r\x88\xe93\xbc\x02\xfak\xb6\x9d\xfc\xbc\xd1\x9eq\x13P^}u:N+\xa4\xeb\xe7\xd2\xae\xd6\xef\xe5\xc2\x96\xde\'6\xd9\xef;1\xd21{Z\xab\x03\xa4\xc8\x9b\xe3\xb727\xb9v\xdd ;\xf7\xc6R\x945\x86\xa6s\x08M0T\x8aLd\xcf\xd5\xce\xee\xce\x11\xae\xc7\x0c\xd1\xb5\xf2\xd1\xab\x9di\x98\xed\xc8v\x19`\xd4\xf7\xf6r\xdd&gt;\xf9\xcc\x13\\\\\xe8\x9dW=\xcb\xbbE\xad\x8b\xa2W\n\xd0\xecle\x8a\xe3\xda\x9e\xd6\x9f)\xd1u`\xf5\x1c&gt;\xd9\x8d\x95\xb5T\xd7\x98Q\xde\xf0\\\xfdq\xaeea\xd0S\x11\x1e*\xca\x8c\xec\xe9\xc2\xea\xc7d\xc8\xaa\xe1\xc2\xb8\x95{\x05,\xfd\xd6\xf9\xd3to\xac\xd6v\x9f8:\xba\xbeL|:7rj \x14%HL}|*\x9e\x8c\xdeSU\x1e\x9bo\x17\xd8z^}\xb1S\xdb,\x8c\xee\xa0&lt;u\xc6{\x87\xc6\xe8\x0bBqTF\xf4\xd5h\x98\xb1\xeak%\xce\xa1\xaei\xac\x93\xb2\xb5$\x8b\'\x15\xd7\xce\xe9\xdc#\'`\xacr\xe8\x0e\x7f\xa2\xc3\x03;\xe9\xc0\xd9\x0b-2I\x9c\x1a\xeb\x82\xe3\x85\xda:C\xfc\xd7u\x1d\x00\xe1\x99\x96\x86[\x96LU\xd1\x9c\x10-fT\x98\x17\x14\x03;\x1by^\xb3\xb3\x98H\x91]\xc8\xf8\x1d\x1d3^i\xa1\xb9\xc9\xf9\xfd\xf6B\xb5\x86\x8dnF\xf5\xc6Z\xb7~\xd6\x7fSV&amp;F\xf0\xd8\x01\xbd:\\q\xec.\xbd|&amp;\xb3\xae\xe7\x96~3\xa0-vj\xc8c\xb9\xa9\x9e\x8b\x19\xcd#5\xae\xa3R\xa2\xae\xdf\x01=\x13\x94\xd2Q\xd6!\xee\xf4xf\xab\x9d*3\xb5\xa1\x15\xceH\xd0\xb9\xb6\x94\xe2\x12w\xc4r\xe2\xaa&amp;\xca.\\{d\x8b+\x85`\xe9\x90\xcdN\xbb9\x9eqA8\xa6\x07\xae\xca\xd0\x1f;\xd5\xe5\xa6\'E\xc1uy\xd9\x80\x9d^V\x1e/A\x9c&gt;F;\xb8:\xc6\xc6\xdf\x13\xa9K\xa8\xb6\xbdha\x99\x94\xf9\xe8U&amp;\xd1%B\xe8\xe7\xa7A\xd5\x0c\xce\xea\xbc\xcd\x9e\xeeQ\xa3bh&lt;\xad\xea\xe2\xb9Yt\x01c\xb6.on\x1cV&gt;H\x19\xdc\xddgg\x12.\xb3t\x08\x1c\x0b\xaa\xa3\x80{\xe1T\xd6\x8c+/\x10J\x8a\xc9\xb5\xa3\x97i\x95\x19%o\xea\x11\x93v\xc3\xc3\x0bP@\xa2\xba\x0c+\xac\xb93\xa6\xe6k\xa3\xb2\xb7\xcc\xfa&gt;\xacz\xa5\x16\xea\xe6\xb4"\x92|f\x8e\xd6w6\xd5\xc6A\xcb\xa0\xba\x88\x9azFtT]\xd5\xd2\x9a\x15 \xd7\x93\xf6s\xa6fD\xd98A\xa4\x82\x14\xde\x83\x07\x07\xb6\xc6\x97\r\xce\'[=7\x058&lt;\xae\x8c\xfdZ\xc3\x87\x87[\x85\xa4\xcf\xa0\xe4\xcc\xa3\xa6\xb4"\xd0\xaf\x85y\xd9\xf5\x06d\xb8\x82tP\x0fm\xc4\x93\xacu\xf4\xda\x0fF1\xc8\xa3\x1b\xcd\xec\xe8\x85n\x9b\xa3&lt;\x1ek\xbe\xe3\xe3N9\xa0e\xd4U\xf4e\xa2eS+\xd0\x14W\x17\x89\xa4[\xcf"z\xf9\xc9\x90v\xae\xfe\x0f\x99\xdb\x0e\t\xe9\t(K\xa8\xa0-L\xca\xa6MI\x996e\xda\xd8l\rL5\xb7\xa1\x07\xa8\xf49\x12x\xf6\xf2\xd77\xa0v`\xd5W&gt;\xd5]\x06\xc3IWi\x0c\xa0\xb0\x99\xa7\x8b\x90\x00\xa2\x92\x0f\x8c\xa3\xd9\xcd\x17N\x9b;\xa0d\x93!\'p\x80\xc60s|\xf7u\x8d\x9de\xf6\\\x08\xf1]\xddY\xfb\xf9\xdeH;\x98\xe9\xe0\xd5\xb7\x93It\x1c\xc5\xd6\xba\xf9\xe3j\x04\xa8\xb2\xd9c\x17E9\xdd\x91\xb1\x82\xfe\xb3\x89\xb3\\\xfa8\xe8\xdb\xd1\x8e}\xf7\xa6\x81\xf3\x7fL\xe59\xfax%\xa9\x1c6\xa8@\x83\x15{-}F\xb4\xa3\xa9\x83\xca\xba-:\xd9\xaf\x1d\xc78q\xd6\xc7\xca\x8b\x0bNA\xcf\x97\xaa\x18\xc1\xbd\xb3\x06E\xd5r\r\xf6\xef\xce\xe5\xb7\xae\xf96l\xb5\xbdO\x95\xeaz9\x8d\\\xden\xd8n\xe0S~\x1b=\'N\x1dd\x07&amp;\xae\x16\xcb\x81\xe1uMJ\x89$V\xb4\xd3V3.\xbc\x14\xa3 N\xcc\x0e\x99\xc1\x93L\x19\xd3\x05U\x13\x14b`\xf6\xa1Mpdl\xe4Eue\xf9\xefA\x14vV\xfdY\xdf)N\xe6\x06\x93f\xb6+\xd2\xed\xac\xe4z&amp;Yjt9\x15W\x15H\xa7Y\x14oU\xc3\xeeo\x96\xe4g\x1e\x8c)\xc9\xd9\xc7\x8b\xe6s\xb5r|\xee\xec\xbc\xbe\xba\xbc\xaf\x04\x822\xf4\x82\xce\xc9\xe8\xf3 u\xb4\xc5\x19&gt;\x7fLz\x15s\xc2\xdb\xea#\x9a\x06o\xa0\xaf\x9d\xc9\xaa\xeb\xa8\xe4\xea\xd6t\x07\x12z\xc5\xf5\x90u\xc0\x12\xd3to_\x9d\xba\xa38\xd2 \xd5WR\x9a\xa6\xf3\x90\x08L\x07\x03Fk\xc0x\xe9E\xa9V:i$\xa45\x92\xeb\xc1\xd4\\\x13\xa4\x0e\xd2\x88&lt;\xe2\xec\x94R\x05\x14\xc8P\x9b\x0cl\x9d\xda\xd3\xe4\xb2{\xac\x88y\x1d\x0e\x0eLWUFF\xfew\xcd\xd7\xb6+y4\x1e&amp;\x91\xa9\xa5\xc4B\xe7\xb3\xaf\x97\xec\xe2\xb7\xed\x06y\xd0s5\'\xb5\xb7\xc0\xedo\x97C\xcd\xf4\xdc\xf8\xb9\x0b\xf3\xdb\x83\xb9\xc2\xaa\xe9yZ9gm\x1bM\x95\xa3\xcf\xafa\x8d\x96\xf9\xab*\xcc\xcb\xe8ZY\xb7\x89\xac\xca\xb5\r\x13\xce\xcdG\x1c\xf9{\xd0\x16a\xc5j\xcb\xc4\xd5\xbe\xc5!\x18\xf6"\xf9+\x98\x0e\xa8\x91\x11\xd4UxB\x07\\\xc0\x88\xa8f\x8e\xa6\xa7\x13J\xc92\xa2\xe8\x10W\xa6L-\xd2\xe8\xc5\xd38$\xe8\x1d\xd2b\x9b&amp;\x94,\x8al\x92C3\xc8\x19\x9d\x05T\x17\x01\xe4g\xf4cK\xe4s;0a\xe0\x9a\xc1\xaa/&gt;\x10\x9a\n\x9d\x9dV`v\xd8\xba\xf1[\xcd\xcdk\x8a\xd9\xce\x91\r^\x98i\xec\xed\xf0]\x97FW`t\xf5\xe9\x1c\x10^\x8bFZ\xf9\xd5\x1e\x88$\xbf1~\x9b\x9a\xc7\xa5T\xf1\x8d*\xa7N\x9d\xb0\xcf\x8e\xd9b\xc2\x9fFr1H\xd6y@\xde]\t\xcd\xc8t\x03^\x85\xe0\x01\x85\xd4\xd5W\xa6\x13\xdfR\xa4\xacd\xcaE\xd3\x802\xa54]tX\xd4\x86\x07%\x9dNG6\xd7:\xa85K\xd0\x19\xe3P\xf2\x8b\x83\xa6p\x94\xe2\xf4\xa6\x994\xc9\xd94\x99!\x92I\xbaN\xc8\xb4\xd0B\x92\x183\xc3\xd6\x1e^0\x9a\xe3\xc3\xc7\x17hd\xf0G\xe9\x9c9\xbd\xd6\tWUo\x02&lt;\xbfQ\xaf\xce\x0fo\xb7\'\x8d\xdb\x96xs\xcc\x97\xdbk\xf9\x7f_\xd1\x8e\xfdX9\xec\xdd\xcd\xcb\x9eW \x9a\xe8\xac\x0b4\x8a\x8b\xc9\xb3I\x84&lt;\x0f\xa8\'\x02\xad\x01\xd1W4\x1d&amp;^\xcaG\xbd\xc2Js\x10\xb6W\x16_1(\r!\x814/\xae\x9a)]&lt;\xbc\xb6\xba\x8a\xb8\xe9\xdc\xebc\x98E\xceA=\x16\xb3\\\xb6\x9fG6\x82Z\x8a\x90\n2\x96\xee\xc8\x1d&amp;E\xa9\x95\'Q`\x92\x8aNJ.\t\xe2\xe1$\xc8&amp;\xc9\x98\xf1QCUt@!t\xaa\x97\x99F\x8dP\xc1\xb6\xe2B\xa2\xef\xd1\xd1s\xb9}\xb5H\xf3\xd1;\xfc\xc8\xae\x12\xae\xc0\x11\x81\xa6\x08\x92\xf6\xce\xe3j\x0e\x96\\\xbb\x0f\xd0I\xe0\x08\x87\xd9\xc3\x06)\xec\x1b\xcb\x8c\x1d8\xf9\xd6\xb3V\xac\xf2\x04I\xd9\xac\x9d\xd3\x84Z\xb6\xba\x10\x13h\x80\x86\xb5\xb8\xf43gG\x90\r\xae\xc8\x0e`\x86\x8f\x1a\xc3.q_\xa56\x97(gc\xa1S\xc8jtrk(\xb2\xd5(5\x952\x15\xd8\x902-\'\x97*\xe5.qQ\x07h\xa4^\xf0\x88:\x8a\t\xb3\xd6\xc9\xbdsD\xe5M\x80\xa5\\\x82j\x0c\xc9&lt;\x1c\x12\x8b\x84\x12\xb9\x03\xd3\xa1\x10\n\xf2-\x08\x13\t\xdaL\x98L\xd6H\x03\x1fJ)\xf3\x99\x9d\x86Nu\xcfCj\xb8\xac\xa8m \xe6!\xd4\\\xdf\x1d_t\x00\xb9\x07\xea\xa6\x9f#Wms\\\n\xef+g\x04\xde\x828p\xcf\xdbZ\x1c$\xfb\xfb\x19\xc1]\xde\x94/?\xbf\xd0\x88k\xcft{y\xd2\xe5\xcb\xddv\x05y\rJ2gi\xe2\xe8\x1e/\x00\x93\xa6\x07f\x90S:\xe4\x12U\xa0\xc8\x9aY\xd3:I4\x92\x1b\xb2@\xa4\x90$\x903$\r$\x812A$\x90\'I\x92I\x02\x82Ae\xa9\t\xecI\x8d4\x9at\x90;\xa4\xc6\x9aA\x00\x92O:\xa4\xb2\xa7%&amp;hX\x96\x93@\x89\']\xc9 \xabR\xa59$\xd5\xd0H#rA\x1a\xd2\x05r@\xe9&amp;;$\x0c\xc9\x03\xba@\xc9 h\xa4\x12\x8aA&amp;I\x0c\xe920H\x1d$\x1f\xff\xc4\x00-\x10\x00\x02\x02\x02\x02\x01\x04\x02\x01\x04\x03\x01\x01\x01\x00\x00\x01\x02\x00\x03\x04\x11\x12\x13!\x05\x10\x14" 10\x15#2A$3@\x06B4\xff\xda\x00\x08\x01\x01\x00\x01\x05\x02\xdf\xe4"\x99\x98|~\x02U\xf8\x1f\xfd\xd9O\xf6\xf5\xca\xca\xdef\xa1\xf1\xf9jh\xfb\x83\x18\xfe\x1b\x8af\xfc\xabjz\x1d\xc4]\x8c\xfc\x93\xf8\x87\xe3\xafa3?\x15\x95\xfe\xbd\x8e\xe6\xfd\xf5\xff\x00\xa8\xf8\x97\xdb\xe72\xa1\x99E\x8ak;\xf6\xe2v\xb8\xcc\xd1q\x16t\xd6\xb0\x9a\xb6:\x84k+\x12\x80/feBoX\xf6r\xfcB\xfdu\xed\xe8\xf5\xf0\\\x07\xfb\x7f\xe1\xfdL\xaf\'\xdc\x08\x82/\xeb\xf0\xdf\xe0?\x1d{\xeb\xd8\x7f5\xed\xc6\xac\xab"\xe4\xf0\x99T&amp;h\xb2\xb6\xad\xea\xc6f\x82\xb4\xaeY\x90\x049\x07c\xb2\xd3_\xa7_\xcc\xa55\x8c\x9a\xd9\xef\xc6\xaa\xbe\x1e\xa3\x8e-?\x1a\xd9\xd1d\xeay\xd4\xf3\xa5\xa7\x02\x08\xf1\x04\xc5\xc2l\x86\x16ON\x7f\xee\x7f6\x8c\xf0!\xb6r\xd9\xc8\xff\x00/mMD\x83\xfcf\xbf\x137\xec`\xfc\xff\x00~\xc3\xd8\x7f\x1eo\x8a2O\xde\xc37\xe3\xb9\x1a_\xb0\xb4\xe3\xdd\x94\xcf\xe8\x86[\x81mMU]R\xe6-K\xd8`N\xe5\xc5\x06\xa4*\xb6.O&lt;c\xf2\xa7\xca;\xf93\xe4\xc6\xb7\x91E\xee\x15c%R\xdc\xb3dG\x9e\x9c\xdf\xdc\xfe.\xe1;\x84\xef\x10\xe4Cy\x86\xcd\xceQ%\xff\x00\xe5\xf8,\xff\x00_\x8e\xe1\xfc\x87\xe2\'\x8f\xe2\xd8\x13br\x13bg\xb0\xe8\xc8o.g-\r\xc5n\r\x8f\x9b\xd2W(\xbb\xb0S\x17\x12\xbe/f\x80\xc6\xa2]\x8f\xc6T\x8cJ\xe2\xb4\xc9\xc2\xee\xae\xcc\x1f\x8f:{ \xf4\xc7\xd1\xc0(~-U\x9e\xde\x00\xbe\xe2\xc4\x9e\x9d\xfe\x7f\xc5\xcas\x9c\xe7)\xcan,\xae]\xfe_\x82\xac-\xb1\xec?3\xec\x1f\xfb\xbe\xe3\xdbZ\x86rXr+\x10\xe6\xa8W\xcb\xf3\xf2\xad\xd1\xb2\xee\xca\xee\xc8\xeb{-\xe4\x05\xfa\xe3c"\xd5`qSu\x14,\xf7\xa9\\k\xbc\xc60\xebf\x19\xe4@\xed\x0b\xf0\x7f\x99b\xc1\xea&gt;)\xf5\x15\xae.z\xef&amp;\xf5k\x85\xda)\x9c\xd5\xcf\xea\xaec\xe4\x96wv2\xef\xac\xe4O\xba\xca\xa7\xa5\x8f\xee\xff\x00\xe0Y\\ln\xc8q\x1e\x0cF\x8b\x84 \xa1\x12^\xea\xb1|\x8f\xe0\x1e\xf6\xfd`\x9a\x9c\xd0\x07\xcbD\x9f\'s\xe5l\xf3\xe5\x11\xd5\x99k\xa9\xe2\xb5,{@V\xc8\xf3\xd8\xfc\xbb.\xe1\xf7[Oo\x17\xec&amp;\xc5\xb1\x90\xa5\x9c\xb4Yr\xea~7\xfe\xec\x86o\xce\xe6\xc6\xf79x&gt;f\xe5L&gt;7?\x05\xe7&gt;\x07z`\xdfZ\xd4\xb30\xeb\xb6\xc3\xb2?C\x87W\xfb\xa99J\x87\xdb\xd2\x93\xfb\xdf\xf8\x12W\xfb\x19U$9UA\x97V\xdb\xd4(Yo\xa8;\xc0\x8cJ/\x8e3_\xc1\xc6s@\xcf\x90\x85j\xcf\xd5G54\xb6\x8b!\xf2\xd5\x8e.\xd4\xfd\xb9\xd9I\xf0\xea\x96\'\x1a\x8d,\xc0\xd6[\x90\x15\xb3?=\xd8CWa\x9c^\n\xb9V4\t(\x11\x12\xba\xd1\xc2\xbd\xf9I\xc2\xcb\x96\x18\x1bP\x1fm\xfb\x99U\x82\xbfk\x0f3\xc4\xc1\x01\x98\xdem\xc8nVj~\xbd\x84\xab\xc2U\xe0\xfa:}?\xf0,\xaf\xf7\x90\x7f\xbb\xec\xa2\x01\x14\xea#B}\xf5\xef\xe2\x1bkP\xf9CF\xeed\x9eD\xe2\xdc\xc3\x15\x9d%n\x0b;\x02\xf7\xa5u7\xf6\xc4\x16\x18\xf8\xed\xc4\x13\xc3\xbb\xb1\xaa\xea\xe3I]\xf0\x05nWE=\x96+\xf6\x1b\xb8\xb04\xd0\xd5\x8f\x8e\xa2\xbb)\xaa\xca\xacJw\xaa{=AV7\xda\x11\xe7z\x84\xf9\x9b\xf6k9C\xe6\x0f\x10\xc1\x00\x82\tS\x04vm\xb3xPg(\xa6+y\xab\xec\xd8o]t\x7f\xe0Y_\xee\xef\xfbu\x00\x9a\x82\rE\xfc\x04\xb7)*\x95g\x1b\x19\x9d\x19\x90\xd6NK\xd1\x8b`\x1fQmZnZ\xd7E\xdf:\x944g\xd4\xc7\x87\xd5&lt;5\xa0\xa0P\x146?Z\x80\xb4\xcb\x0e\xa5WZV\x8fP\xd3+\x0bR\xd1en\x12\xea\xcf]\xb6\xd3\xd2l`\xaa\x95\nk\x0c\xf4\xa6\xd0#\xcc\x9cu\xab\x1a\xc1\xa2\xc3p\xa9\x9f\xa2N\xcc\'\xdc\x0fa\xe2%\x86\xb3\xbfa\xad\x99\xcbspA\x10L\x1e5\xda\xf8\xcbs\xa3\xe4R\xd5\xfa\x80\xed\xae\xfa\xec\xfeQ\x10J\xe5\x9el\xd4\xd4\xd7\xba\xfb\xeeg\xe5\x9a\x12\x97k!M\x9b1\xb9\xd5\x8d\x8f^:\xf5\xaaJ\xe8J\xea\xa7\x1e\xaa\x8a\xbb)\xc8\x15\x1aFF\xa0\xc8\xf3\x8d\x93\xc1\xb4\xc6W]\xd5G\xe4\x91\xb2\r\x90Z\xbc\r\xcb\\n6\xadUT\x82\x8c\x8e\x98\x19m\x17T\xc4]WaZB\x1e\xba\xfa8\xd7\xcd\r&lt;\xc7\xc6\xadml}\xfa\x8dJ.a\xa3\xb8D\xe3555?\xd6\xfd\xf6}\x83hl\xb4\xdf\xb8\x88%\x15\x96l|q\xc4\xa5\xd4\x1a\xf2\x9c\xdb\xca\x9b\x87\xc7\xb5G\xc8\xba\xbb(\xceK\x87\xf1\x08\x91!\x1e}\xc7\xb0\xf6\xdcf\xd4\xbe\xe2\xd6#\xb6\xf1\x97\x9a\xaf0)\xe1l\xb5\x19\x06=\xf5\xb3i;2\x9c\xd3X\xca\xaa\xc5\xf5\x15\xa6vL&lt;[\xef\x98\x8c\xd4\xa7\x10["\xaaoJ\xc6-\xe3\x1e\x9f\x8e\xbcW\x99\xf1\x03\x85td\r]\x85\\\x10\xc2\xf4pEn\xa7\xe2\xb2\xa3\n\xc0\xeb\xaa\xb8\xd5W\xb2\xb5X\xd7\xd7\x8e\xcb\x93SV\xc7\xf0$\x98`\xfc\x90n\x10T\xb3l@ _\xadU\x17\x18\x15U\xa6\xac\xa4\xae\xfb8\x83^\xad\xc7/9\x11\x05\xebb\x1a\x06\xc6E\xd5J3vR\xe4\x7f\xe0\x11b\xcf\xf75\xec=\x84\xdf\x8f&lt;\x9f\xeb]\x8d\xb6v \xd3kT*\xcbgE6\xcf\x0b\x08[_\xfbu\xceIptg\xaa\xfa\xdatl\xe2[v9\xaa\xf4\x11\x99\xc2\xd0\xe3\x8eE:J\x98\tz\x92\x9f\x1e\xe5\x15S\x95i\xe0V:\x82\xab\x98\xab+\xc8\x16\xcb\xa9\xdc\xeb\xff\x00\x91\xac~\x0e\xd4\xeb\x95\x06\xdbriJ]\xb1\xf7\x93}\x19)bk\xf9+?{\x9f\x9d\x9f\xfe\x7f\xd2.\xc6.\x1d\x97\x0c01\x13\x8dVWp\xb6\xaa\xbb\xcf1R1\x15u\x0e&gt;,\xa7\xed\xae\xa8,[\xc3S\xf5\xb3\x9a\n3IO\x94\x83\xf3X\xbf\xa8=\xc4\x1fP[\xebZ\xf2\x9e\x04\xce\xb1\xd6\x8b}\x83}jrH=\x8a|N\x96\x8d\xc6\xa7\xb5\xcf\x05\xca\xd2\xb6\xb2_\xe2.\x96\x94\xa5R\x93Do\xee\xaf\xc4\x9c\xcdofBvq\xa6\xe4\xba\x85\xe0\x001\xeb\xe0\xeb\xc7\x81\xfd+\x9d\xe3d\r&gt;&gt;\xecj\xebR\xc9\x8c\xa5\xbaFOf5\xd6-\xb8\xf6\xdf\xdb\x8cP\x1a3E\xf4q\x84{k\xf2\xd7\x807\xec\xc2~\xe2\xa6\xce/\xa6\xf6\x82_\x0e\x8a\xec\xa7 \xda\x8ae\x16\xde\x95+\xd7q\xb2\xae\xb2\x97\xf2\x82\xceP\xf6#\xf2\x16\xc6\xc6\xdc\xe4j!\xb9\x0bjm\x1a\xbc\xfeU\xfd\xa7-/\xbf\xee\r,c\x11!"!\x13\xd4j\xff\x00\x8e\xc0\x93\xb8\xbfQS}\x85\xfcMww&amp;\xfa\x1d\xaa[\xa2Q^\x85X\xfc\x8e:\xd4\xaffMQ\x07bW\xcb\x8f\xd8\x0e\xeb\xeb?\xd4\xf7g\xcc\xaa\xc3\xf5J\xec\xe7\xc9\xab^\'\xc9\xeb^\xc6\xd2\xcea"[S\xbd\x19n_+\x1b\xb8[\x86\x0eE\x98\xeb\xdfU\x14\xd7b%T\xa7\xf6\x93\x1d\xaaA\x88\xc8\xa9U\xe8\xbbj\xf4u5\x01\xd7\xe0[`x\x88\x9c\xa3\xa9\xd65U\xc3\x85\xac\x8f\xefPj\xcf\xd1\xf8\xf8\xb9\x04\xd5n55fm\x9a\xb4\xb1yX\x0fX\xbc\xb2Y\x12\xf6\x84\x03\x10\xf5\x91\xc6\xe8\xf5\x94\x951\x04Z\x8f\x1a\xab\x04\xe1d\xe1d\\k\x9a&amp;\x0b\x98q+Aa\x15Eb\xf0C\x00\x89Y \xa3\x99V;\xf2\xe9&amp;\x1cV\x13\x81I\x9bS|dO\xae\x95\xeb&gt;\x11\x0b)\r\xe0X]q\x82\xd5]y\x14\xbc\xf8\xe0=},\xdf}\xa5\xa2\xc3\xd7Xk;+\x87\xf5\x99\xd9\xd2\xfb\xdb\xd9\xc4Q\xff\x00O"\x18\xabN\x02\xc8\xb8\xca\x18b\x04l\xaanZj\x01k\x16\xd7\xac{\x896P\x97F\xae\xb0\xc2\xbaA\xe5G\x15\xb2\x87B\xb5\xd5iDFjz\xeb\xb6\xbd\xb3\xd4\xafgH\x9d?CK\t\xc0\x82\x17\xc7_#\xd7\xf5]\xd4|u\nQ\xad\x15:\xcc+\x9e\xb2\xb8\xf4=\x9d\x16b:e\xba#WVH)f4K\xb6\xaa\x87\x92Y\xc4\xf5#\xa2\xf3\xaa\x07[\x01\xaf\x84[\x81V\xa42\x8am1rkx\xae\xb3\x90\x9c\xd4\x0b3\xa9\xae[\xea%\xe0R\xc5\x04#\xdb\xf5\x16\xed\x1a\xac\xec_\xc2\xd5[+\xc8\xa8\xd3~\x95C\'\xd6\xc6\xd4\xaf\xee\x88ZT_\x8dm\x11\x97~T\x97\xac\xa5ytE\xca\xae\xdb\x1d\xae\x05Qfu\xbb\xab# $\xc3=\xb7\n\xfc\x14\xd1\xa9\xd1\xd8\xd4\xf4\xcaN\xa5\xd4\xd5\x06\xb5\xccA\x8c\x95\xc0\x8a\xe3\x1d\x99\x16\xdaS)Mh2S\x18$\xb6\xaa\xea[jU\xb9\xabU\xb6\xaa\x99\x14TEoX\xee\xe8\roO%\xd1\'\xfc*\xb1\x00\xa4\xd0\xaa\xc3\x15\xc55\x1e\xc7\x15\xab\x06\xc7\xb1EV6\xebZ\xef_\x8e\xf4\xca29\x8e\x15\xe5.\x9b\x1c%\x80\x87\xa4\x92\xb6\xd8\x83\xebj\xb0\xe3\x15\x83\'W\\\x17\x95\x1d*\xc4?\x19\xde\x8b\xec\x07\xbf\x18\x17P\x08\xbf\xb9\xfa\x9c\xe0^\xc8\xb6\x94\x95\xd8-_bc\xb1\xdf\xa9\xa9\xe6\xc6r\xe4,\x1e\x14\xf1UR\x85v\xb2\xbeLV\xc4\xb2cn\x99z\xb6J\xd3E)\x14\x87\x17Wg;\x1d\xb8\xe4\xa8%\xb0\xdd\x9b\x13\t\x12s\x12\xc0\xa4\xdc\xad\xae\xb4\x01l\n\x17z\xb6\x9a\xcb\n\xf8\xa6\x81`\xad[\x0eEC\xbdO\xc5.\x9f\xf5\xb7#`u&amp;h\x8b\xf4\xebC\xedU\xd1{\xd5\x14CA\xe85\xf8E\xad\x98\xd4\x8a\xa7\x1d\x80\xf2\xcf_U\xcdf3V\xc8[m]w\xce\x0fI\xa6\xd6\xaeY\x8e.N&amp;\x93\xd9\xb1}U\xd1a[)Dt\xbe=mDK\x83\xb7Y\x05n\xe3:\x91\xc8\rY\x1dvYb\xaa\x1e3SP,\x0b\xec \x82\x7f\xb6\x80\x90,o8\xf6\x9a\xdc0a\x0ca\xe7&amp;\xa0\xe36\xa3Q\xac\x95\xaf\xc3\x8b7\x11\xc8\'[\x04\x97\xa0\xa5+]\xf9"\xc77\xdb1\xb1\xd6\x90;\x15\x93\x81V\x9c\x97|D\xae\xb3\x15\x91\x98\xf1k]\xacI\xf4\xd5X\x95\x98\xb8\xdcG\xc8\xae\xab;vk\xc9\xa1\xa5\xfa|zZ\xca\xb1\xd5\xda%\xbbS\xc7$Y\x8f\xd7w[6^\x886\xf2Z@\x0fb\xaa\xe9\xa8n\xab\x16s\xe2\x02\'\x06\xc7g\x8a\xdce\x9a\x15\xae0X,"W\xc7!^\x9e1,f\x87\x18\x19\xe7ipx\xca&amp;m\xa7#)s,\xaeb\xdf\xceU\x90\xb6\x97\xa4\x83\xde\xd5FA`\xad\xc8\xb02\xda\xa5\x1a\xb6\xe5\xcak\xd8\r\xcd~#\xf4F\xe0&amp;1\xe2\x0b\x18\x9fU\xc7\xcbep\xc1\x967\xed\x97s3\x17\xb6\xb5o\xb0\xfd\xf9\x04\x1eQj\xfa\x82y\xabi\xb9\x19C\xe4\x08\x14e\xc5\xa9\xb1\xd6\x92\x14\xed\xd5\xc3\xb32\x9b\xa3Wi)\xb4\x97\xf3f\x16Ul\x05.\xb0\x9f\x8e\x18\xd8\xd1\xaaf\x0bp\xe5\xdc\x8df\xab\xb9\x95c(\xae-\xbb\x82\xf3Q\xab&amp;\xbc\x94\xbf\x19\xd2\xc1\xbej]if\x0bs\x84\xd9O\xb6\xcaT\xd4\xad\xac\xc9\xb2\x0e\x8a\xb2\xbc5\xea\xcf\xf0^\xb5\xb225A.\xfb\xbdchYIN\xd0\xe1\xaa5\xd8\xd5%\xbf[U\xb7=&gt;\xb1u\xdc\r\x06\xbb\x86\xda\xa5\xe7\xdd&gt;\xb6\xae\xdd\x1f\xc3\xcbQ\xf9MMA\xf8*\xec\xf1\x1e\xda\x12\xc2\x93|\x8d\x96q\x1am\xd1w\xc7\x04\xee0\x84B\xb3/\xd3\xab\xb2q5\xd8_\xcdu\x9beW\xec\\C-\x07v\xda\xdc\xa0\xc8\xe0\xab\xc1I\xb4\xa08\xbfm=m\xc9\x81\xf8\x84G\xc5\xbf\xb4c[\xc9\xe9z\x96\x92\xb9\x0b\x8dH\xadS\xed.\x1e\xa3Sb\xd7{K\xa9\xe5*\xa9\x88Z\x89|\x8e\xcdW\x8e\xec\xbf\xe3/\xa4[uU\x82\x8br\x99\x95A\x05\xd8\x88\xca\xabm\x94\x04\x16\x02\xb5\xf3\x05\x9a\xaf\xa9\x06\xb9\xb1jYX\xac\x0bx)\x1b\x9fd\x1c\xd7\x8f@\xad\x16\xdf&lt;\x03\x06\xda\x95"\xd1n\xaa6\xe2\x8c\x93\xd1m\'\xd3\xc1R\xe8.\xad*d+\x91\xa9e\t&gt;\xa2x\xb4\x06(\xdd\x83\xf1\xd7\xb6\xbc\'\x81\xfb\x9ec\x053\xc4U\xf3~\x84U\x97\xfdW\x0f(C\x08\x9a\x8c\xb3+\x1b\x90\xb95(\xdd-\xbeV1\x9b\x9f\xe4\x88~\xb5&gt;\xcdA\x8d\x1c,(\xcdz=7R\xf0+pg\xe0\x9cv~\x19\xd6J\xf5C\x97\x8d-\xc8,j\xce\xb9ey\xf6s9yw\x12\xf9H\x8b\x98\x01\xba\xcd\x1e\xceQk\xef%\x1e\xab4\xd5\xbf\xc7-)\xb7\x94\xb7\x1c\x13\xa4\xd5\xb4\x06\xb5\x1d\xa7H\x8eO%~\xc8\xf5\xed\xac\xb9(V\xc9[\x1dn\xd4{\x01AIB\t\xd9\xa5"\xdb8\xab\xc2\x1b\x96f\xeb\xc7\xc6\xc5+\x8a+[\xa1\xa8\xd3+\x8e\x15\xd4i`n0\xd6\x01S\xe6\xca\xbbk\x1fY\xaf}\xceSs\x94\x1e\x10\x9d\xc4\xfdN;\x9a*?\xdf\x8dY\xb6eC\xc92\xfa\x89\x860\x8c&amp;F"\xd8\x96\xb6\x82\x9d(\x07\x92\x8d\xd8\x84\xec\x18\xcd\xe2\x8b\rq]H6,\xe6\x1a-kc0\xa3\x8f\x01\x90*\xc4\xb45\xf8\xfc&amp;f5\x16\x87vG[\xf51\xfbr\xde\x8a\x82V\xc9]\xc6\xca*\xd7\x15Y\xfd\xca\xb2\x15\x98\xd9\xd3\xa3^;Sn\xbaeWvLk\xbb\xd2\xdc~G\x91\xe6Ss\xed5\xca:\x949W\xd8\x95\xf7\x02E\xd2\xbb\xf8\x1f\x90\xb6\x04;V\xe7\xb5~\xb4\xb0!d\x7f\x06\xcd\xbd\xff\x00\xf2\x05M\xd5Y\xe2YO \xdfB\x96\x99}F.\xc2\xef\x98c\xc4\xd6\xfa\x84#C\xf9\x16\x9a\xf3?\xfc\xb8\xdc\xfd\xc7mB\xbb\x85\x14K&lt;\x94\xfd\\\x17\x96&amp;P5\xc3\x18@&amp;w\xa7\x8b!]M\xcd1\x8c\xdcY\xd9\xab\x9c\x9ar\xd4\xe7f\xa8\xb4\xd5X\xf5.r\xba\xbe\x8bh\x83"\xdb/~\xd3\x12\xfbD\xcfp^\xda\xdb\x90W\x98\x1d\xee\xb8\x89X\xadx\xacj@\x1f&amp;\xb0\xdagF\xb4\xc4\xcc\x0fm\xacx#\xfdz\x19\xa6.Cb\xd9\xfb\x97\xd1\xceyHRo\xed\xaf\x0f\xe6_\xe9\xd7\x03\xc6\xc0\xd88\xc1\x9e\xca\xd6\x91\x8e\x06\x8dA\xa6\xfc\xf1\xdc\xe2{-\xa6\xca\x8f8\x1e\x1f"\xa7\xf3j3\x80"\x1eB\xe6Z\xed\xa9!Q\xa0\xf06\xc0y\xc0\x18j\x85\x18{jq\xe5a\xf37\xe3\x88\xe0\xc6y\xdb}\x86\xf8A\xa2\t\xf1X\xe2,\x1a\xb1Wg\x1e\xfe,g\x1f\r\xb1\x11\xbb\x17;\x07\xef\xd5\xa8?h\xa5\xac\xbb\xf4\xbe`\xf0{v\xc8C\xbd6\xaa\xb5F\xa0\xff\x00Vl\xacb\xd2\xa7z\xcd\x86\xa6{\x95\xedO\x82mv\xc1t(,\xa5V\xb7v\xb6\xfa+~\xf5e[:E\x99\x85"Z\xf3/4 \xaa\xdb\xef\xb2\xcc\x96\xa8\xa5\xd6\x98\x99_"#(\x12\xca\x83K&gt;\x85\xbf\xcc\x1d\xcbTlj_U@SZ\xa2\x9a\x94\xc4\x01}\xad"\xb2\xf9[_\xea=\x86\xbc\xe6)x\x95\xdd\xc9\xed\xff\x00\xa6\x90\xcd6e\x8b\xf7_\xb4\xb3\xc2\xab?-\xf2^ 9a\xb3\x11\xca\xc5p\xfe\xc6\xb0\xd0\xd2DU\xd5\xbb\x9cg\x80\t\xd4X\xfe`1[\x94)\xb8\x06\xa5\x9e\'\xd9\xa5\x80\xa5XyKb\xfe\xa1]\xfb\x11\xb3\x9f\x87\xc2:q\xb3\x97\x01cv*1X\x8b\xb2&lt;\xc0\x04\x0f\xc4#\xbd\x93\x1d@\x81\x08j\xdd\xa8\x16"\xe5\xc1\xdf\x8f\x14\xd6\x81\xd5\xddCu\\\xd9\x94\xb46P\xcb\x93h\xda\xe4\x16\x86\xeb7h(\xa9c:\xfc\x9b\n=*\xedZ\xf5\x8c;,\xb2\xcb\xf2,\xc7\xb2\x8bE\xd5\x88P0\xba\x86\x07BX&gt;\xba\x8d\xfe*\x82\x1d\xb4\nD\xff\x00\x97|\x14UZ\xf6}\x8e=\\\x95\x81\x1b\x1a\xa6\xa1\xb2\xa5`\xf1\x10\x05W\xaf\x90Hx\x98\xb1G \xc3\x82\x8el\x18\xceS\x96\xa5y\x1e\xc2q\r-\xa4\x80\x14\xcd\x82\x9f\xa2\x07\x96\xf09\xb0\x81\x1b\x7f\xf5\xc1\xf6\x96\xac\x1e\x0f\x1f\x1a\x00b\xdf\xddX\xfdq\x9f\xee\xd5\xd8\xcb\xc4*X6\xa9\xd3\xd7M\x9a\x15\x05\x96?\x18\x8f+\xe7\xd9\xe4\x1a\xad\x00U\x93k\xc4\xb5\x88\x06\xca\'&gt;f\xce*&gt;[\x08\xfcn&lt;\xd5b\x8a\x91\xc5\xc9\\\xcaQ\xc01yk\xb5u\xe3\xd8\xfd%\xfa\xa5v!\x8a\x0e\xd2\xee\x0f_\xfc\xb5\xf4\xfb)D\x9b\xf6\xb2\x9dO\xdc\xfd\xc6\x04\xc2\x04\x1fX\xb5\xec\xb3K\x03pa\xc4\xf2\x8aeh\xd2\xbeM\x14\x94)\xa5*X\xc6\xd1D\xf2N\xcc\xf0m\xdc\xde\xc9\xec\x8e!\x9b"+J\xae)\x11\xd6\xc0=\x9a\xa0e\x9b\xe5\xadO;a\xb9\xbd\xc7\xd8fQ\xad\xe9w\xcc\x00Q\xec,M\x95\xf1\x98\xa4\xf1\xae\xd5\xb7\xd9\xd6-aU\xeb\xe6\xb9x\x8d\x8aA5\xbf-\x01\xcb\xad\x95\x89\x8a\xe5A$\x85\xc66\xa2-t\xaf\x00\xebu\x96 F\xf9\x17\xdd\xf6\x16\x87 \xd4kUh\xc5bj5[r\xc1C\xb6\x8d\x7fcx{M4k\x19\xeb\x9e(\tj\x01\xe9\xb4w\\Vjk\xda\xda!\xdb\x02\xba\x9c\xbc\xb3u\xcdhk\xc9\xd6\xef\xc6\xec6\x8b\x83b\xe3\xbe\xf9\xa8\xae\x90L:3_\x7f\x10\xbf\x00\x14\xbcw\x0b\x18s;)9\xf8\x14+B#,+\xaf`\xda\x8bqC\x8d\x98\x97\xfb\xb2\x87\x19\x14\xd8\x00&lt;\xe1\x07acj\xb0Ih\xa0\x98t\t\x1b$x\xb5L\xa4\x95\xb3\x93,\xa2\xe1|a\x08\x85\xd5M\xd5+\x8c\xcc#DU:\xa1\xccF=\x8c@5\x03idda\x92\x1aq\xdc\xae\xe6C\x96\xc6\xdbG\xf6\x980\x13.\xc0\xd0\xdd\xa5\xa8\x17]\xaa\xda\x80\x18\xfc\x80\x03\x90\xb2\xa75\xf8%\xe9!\xc6Q\x18\xe8\nM\xeah\x15\xf4\xdc\x81_\xbe\xa7\x1fl\x8c^\xe8\xf4j\x04\xf0\xa3SF\x7f\xbd\x04_\x0f\x12\x85fT\x061\x10:\x83\xca\xa2\x024R\xa2;\xf5\xc5kX\x9f\x11\x88\xadk$\xb7\x88\xe3\x93j\x11\x19c,1\xa5?\xf7cf\xcf\x07\xdb\xf7\x1b\x1c\ta\xe3\x10\xfd\x9cq\x02q+\x08$\xb2\xa2\xce-\xb09\xc7qY\xad\xf6\x81\xf85n\xb7V\xc2:\x83&lt;\x99}"\xc5\xbf\x1a\xcaO\xe8\x86\x96,\xa5\x8f;\x9e&amp;\xf9\xf3\xe4K\xf59"\xdb\x9c\xe8+\x16\x8f\xa4\x1b\x1c\x15\x18\x05E\x0c\x13\x931,\x96\xdb\xa6\xa6\xc2\xf1\x08\xe3\xf6\x06\xca\xac\xaeY\x8d\xc6\x9b\x9fJo~\xba-\xfabx\xc7\x96gq\xbf\xfa\x90\x98\xf6\x8b\xd2YX\xb05z.9@\tSb\xab\x1f\xd9A\x1bK5\xa9\x93\x90Y\xab\xc9\x89\x7f\x95&lt;\xe1\xdbC\xcc\x0eh\xf1\x83\x11\xca\xbe,\xdc\x94\xed#\\9MB\xb1\x925q\x92h\xa9\xe3\xcd*\xcc\xf8\xd2\xab\x12\xd4\xf6\xb2\xa0\xf1\x83\x03\xfbV\xf0v6\xac\x1aj\x18+\xd8\xb14\x02\xea?\xd4S\x7f\xc6\xb8\xc2!\x1e\xd7T\x18fc\x14v\xd8\x83\xed\x11z\xec\xdf(\xab\xd4\xb6\xb1\xa8\x80Y\x90h\x17\x0c\xaa&lt;\xab\x02\xd6\xd9\xd6{\x19\x81\x1fZ\x9a\xd4\x0e\x8f\xb0\x9bZ\x83n\x8bz\x9f&amp;\xca\x9a\xac{\xf9[\x93k\xdd\x12\x97k]{&amp;\'\xa7'... (set the log level to DEBUG or TRACE to see the full content) 
 </msg>
<msg timestamp="20200730 21:24:37.131" level="INFO">POST Response : url=http://ninjachef-api-qaninja-io.umbler.net/products 
 status=200, reason=OK 
 body={"_id":"5f236280fbba920016c6b8b6","user":"5f1f6aca42f1f60016038dc6","thumbnail":"thumbnail-1596154496488","name":"Assado de Lentilha","plate":"Tipo","price":30,"__v":0,"thumbnail_url":"http://ninjachef-api-qaninja-io.umbler.net/files/thumbnail-1596154496488","id":"5f236280fbba920016c6b8b6"} 
 </msg>
<msg timestamp="20200730 21:24:37.131" level="INFO">${resp} = &lt;Response [200]&gt;</msg>
<status status="PASS" starttime="20200730 21:24:36.383" endtime="20200730 21:24:37.131"></status>
</kw>
<kw name="Status Should Be" library="RequestsLibrary">
<doc>Fails if response status code is different than the expected.</doc>
<arguments>
<arg>200</arg>
<arg>${resp}</arg>
</arguments>
<status status="PASS" starttime="20200730 21:24:37.131" endtime="20200730 21:24:37.132"></status>
</kw>
<kw name="Convert To String" library="BuiltIn">
<doc>Converts the given item to a Unicode string.</doc>
<arguments>
<arg>${resp.json()['_id']}</arg>
</arguments>
<assign>
<var>${produto_id}</var>
</assign>
<msg timestamp="20200730 21:24:37.132" level="INFO">${produto_id} = 5f236280fbba920016c6b8b6</msg>
<status status="PASS" starttime="20200730 21:24:37.132" endtime="20200730 21:24:37.132"></status>
</kw>
<kw name="Set Test Variable" library="BuiltIn">
<doc>Makes a variable available everywhere within the scope of the current test.</doc>
<arguments>
<arg>${produto_id}</arg>
</arguments>
<msg timestamp="20200730 21:24:37.133" level="INFO">${produto_id} = 5f236280fbba920016c6b8b6</msg>
<status status="PASS" starttime="20200730 21:24:37.133" endtime="20200730 21:24:37.133"></status>
</kw>
<kw name="Go To" library="SeleniumLibrary">
<doc>Navigates the current browser window to the provided ``url``.</doc>
<arguments>
<arg>${base_url}</arg>
</arguments>
<msg timestamp="20200730 21:24:37.133" level="INFO">Opening url 'http://ninjachef-qaninja-io.umbler.net/'</msg>
<status status="PASS" starttime="20200730 21:24:37.133" endtime="20200730 21:24:39.237"></status>
</kw>
<kw name="Input Text" library="SeleniumLibrary">
<doc>Types the given ``text`` into the text field identified by ``locator``.</doc>
<arguments>
<arg>${CAMPO_EMAIL}</arg>
<arg>${email_cozinheiro}</arg>
</arguments>
<msg timestamp="20200730 21:24:39.238" level="INFO">Typing text 'antonio@gmail.com' into text field 'id:email'.</msg>
<status status="PASS" starttime="20200730 21:24:39.237" endtime="20200730 21:24:39.460"></status>
</kw>
<kw name="Click Element" library="SeleniumLibrary">
<doc>Click the element identified by ``locator``.</doc>
<arguments>
<arg>${BOTAO_ENTRAR}</arg>
</arguments>
<msg timestamp="20200730 21:24:39.461" level="INFO">Clicking element 'css:button[type=submit]'.</msg>
<status status="PASS" starttime="20200730 21:24:39.461" endtime="20200730 21:24:39.528"></status>
</kw>
<kw name="Wait Until Page Contains Element" library="SeleniumLibrary">
<doc>Waits until the element ``locator`` appears on the current page.</doc>
<arguments>
<arg>${DIV_DASH}</arg>
</arguments>
<status status="PASS" starttime="20200730 21:24:39.528" endtime="20200730 21:24:41.003"></status>
</kw>
<status status="PASS" starttime="20200730 21:24:36.331" endtime="20200730 21:24:41.003"></status>
</kw>
<kw name="Quando o cliente solicita o preparo desse prato" library="kws">
<kw name="Create Dictionary" library="BuiltIn">
<doc>Creates and returns a dictionary based on the given ``items``.</doc>
<arguments>
<arg>Content-Type=application/json</arg>
<arg>user_id=${token_cliente}</arg>
</arguments>
<assign>
<var>&amp;{headers}</var>
</assign>
<msg timestamp="20200730 21:24:41.005" level="INFO">&amp;{headers} = { Content-Type=application/json | user_id=5f206a3842f1f60016038e53 }</msg>
<status status="PASS" starttime="20200730 21:24:41.005" endtime="20200730 21:24:41.006"></status>
</kw>
<kw name="Create Dictionary" library="BuiltIn">
<doc>Creates and returns a dictionary based on the given ``items``.</doc>
<arguments>
<arg>payment=Dinheiro</arg>
</arguments>
<assign>
<var>&amp;{payload}</var>
</assign>
<msg timestamp="20200730 21:24:41.006" level="INFO">&amp;{payload} = { payment=Dinheiro }</msg>
<status status="PASS" starttime="20200730 21:24:41.006" endtime="20200730 21:24:41.006"></status>
</kw>
<kw name="Create Session" library="RequestsLibrary">
<doc>Create Session: create a HTTP session to a server</doc>
<arguments>
<arg>api</arg>
<arg>${api_url}</arg>
</arguments>
<msg timestamp="20200730 21:24:41.007" level="INFO">Creating Session using : alias=api, url=http://ninjachef-api-qaninja-io.umbler.net, headers={},                     cookies={}, auth=None, timeout=None, proxies=None, verify=False,                     debug=0 </msg>
<status status="PASS" starttime="20200730 21:24:41.006" endtime="20200730 21:24:41.007"></status>
</kw>
<kw name="Post Request" library="RequestsLibrary">
<doc>Send a POST request on the session object found using the
given `alias`</doc>
<arguments>
<arg>api</arg>
<arg>/products/${produto_id}/orders</arg>
<arg>data=${payload}</arg>
<arg>headers=${headers}</arg>
</arguments>
<assign>
<var>${resp}</var>
</assign>
<msg timestamp="20200730 21:24:41.902" level="INFO">POST Request : url=http://ninjachef-api-qaninja-io.umbler.net/products/5f236280fbba920016c6b8b6/orders 
 path_url=/products/5f236280fbba920016c6b8b6/orders 
 headers={'User-Agent': 'python-requests/2.24.0', 'Accept-Encoding': 'gzip, deflate', 'Accept': '*/*', 'Connection': 'keep-alive', 'Content-Type': 'application/json', 'user_id': '5f206a3842f1f60016038e53', 'Content-Length': '23'} 
 body={"payment": "Dinheiro"} 
 </msg>
<msg timestamp="20200730 21:24:41.902" level="INFO">POST Response : url=http://ninjachef-api-qaninja-io.umbler.net/products/5f236280fbba920016c6b8b6/orders 
 status=200, reason=OK 
 body={"_id":"5f236285fbba920016c6b8b7","user":{"_id":"5f206a3842f1f60016038e53","email":"antoniocliente@gmail.com","__v":0},"product":{"_id":"5f236280fbba920016c6b8b6","user":"5f1f6aca42f1f60016038dc6","thumbnail":"thumbnail-1596154496488","name":"Assado de Lentilha","plate":"Tipo","price":30,"__v":0,"thumbnail_url":"http://ninjachef-api-qaninja-io.umbler.net/files/thumbnail-1596154496488","id":"5f236280fbba920016c6b8b6"},"payment":"Dinheiro","__v":0} 
 </msg>
<msg timestamp="20200730 21:24:41.902" level="INFO">${resp} = &lt;Response [200]&gt;</msg>
<status status="PASS" starttime="20200730 21:24:41.007" endtime="20200730 21:24:41.902"></status>
</kw>
<kw name="Status Should Be" library="RequestsLibrary">
<doc>Fails if response status code is different than the expected.</doc>
<arguments>
<arg>200</arg>
<arg>${resp}</arg>
</arguments>
<status status="PASS" starttime="20200730 21:24:41.903" endtime="20200730 21:24:41.903"></status>
</kw>
<status status="PASS" starttime="20200730 21:24:41.004" endtime="20200730 21:24:41.903"></status>
</kw>
<kw name="Então devo receber uma notificação de pedido desse produto" library="kws">
<kw name="Convert To String" library="BuiltIn">
<doc>Converts the given item to a Unicode string.</doc>
<arguments>
<arg>${email_cliente} está solicitando o preparo do seguinte prato: ${produto}.</arg>
</arguments>
<assign>
<var>${mensagem_esperada}</var>
</assign>
<msg timestamp="20200730 21:24:41.905" level="INFO">${mensagem_esperada} = antoniocliente@gmail.com está solicitando o preparo do seguinte prato: Assado de Lentilha.</msg>
<status status="PASS" starttime="20200730 21:24:41.905" endtime="20200730 21:24:41.905"></status>
</kw>
<kw name="Wait Until Page Contains" library="SeleniumLibrary">
<doc>Waits until ``text`` appears on the current page.</doc>
<arguments>
<arg>${mensagem_esperada}</arg>
<arg>5</arg>
</arguments>
<status status="PASS" starttime="20200730 21:24:41.905" endtime="20200730 21:24:41.921"></status>
</kw>
<status status="PASS" starttime="20200730 21:24:41.904" endtime="20200730 21:24:41.922"></status>
</kw>
<kw name="E posso aceitar ou rejeitar esse pedido" library="kws">
<kw name="Wait Until Page Contains" library="SeleniumLibrary">
<doc>Waits until ``text`` appears on the current page.</doc>
<arguments>
<arg>ACEITAR</arg>
<arg>5</arg>
</arguments>
<status status="PASS" starttime="20200730 21:24:41.923" endtime="20200730 21:24:41.938"></status>
</kw>
<kw name="Wait Until Page Contains" library="SeleniumLibrary">
<doc>Waits until ``text`` appears on the current page.</doc>
<arguments>
<arg>REJEITAR</arg>
<arg>5</arg>
</arguments>
<status status="PASS" starttime="20200730 21:24:41.939" endtime="20200730 21:24:41.955"></status>
</kw>
<status status="PASS" starttime="20200730 21:24:41.922" endtime="20200730 21:24:41.955"></status>
</kw>
<kw name="Close Session" library="base" type="teardown">
<kw name="Capture Page Screenshot" library="SeleniumLibrary">
<doc>Takes a screenshot of the current page and embeds it into a log file.</doc>
<msg timestamp="20200730 21:24:42.507" level="INFO" html="yes">&lt;/td&gt;&lt;/tr&gt;&lt;tr&gt;&lt;td colspan="3"&gt;&lt;a href="selenium-screenshot-16.png"&gt;&lt;img src="selenium-screenshot-16.png" width="800px"&gt;&lt;/a&gt;</msg>
<status status="PASS" starttime="20200730 21:24:41.958" endtime="20200730 21:24:42.507"></status>
</kw>
<kw name="Close Browser" library="SeleniumLibrary">
<doc>Closes the current browser.</doc>
<status status="PASS" starttime="20200730 21:24:42.507" endtime="20200730 21:24:45.175"></status>
</kw>
<status status="PASS" starttime="20200730 21:24:41.956" endtime="20200730 21:24:45.175"></status>
</kw>
<status status="PASS" starttime="20200730 21:24:30.029" endtime="20200730 21:24:45.176" critical="yes"></status>
</test>
<doc>Suite dos testes de cadastro
Sendo um cozinheiro que possui produtos no dashboard
Quero receber solicitação de preparo dos meus pratos
Para que eu possa envia-los aos meus clientes</doc>
<status status="PASS" starttime="20200730 21:24:29.625" endtime="20200730 21:24:45.177"></status>
</suite>
<statistics>
<total>
<stat pass="1" fail="0">Critical Tests</stat>
<stat pass="1" fail="0">All Tests</stat>
</total>
<tag>
</tag>
<suite>
<stat pass="1" fail="0" id="s1" name="Receber-Pedidos">Receber-Pedidos</stat>
</suite>
</statistics>
<errors>
</errors>
</robot>
