<?xml version="1.0" encoding="UTF-8"?>
<robot generator="Robot 3.2.1 (Python 3.8.3 on win32)" generated="20200727 21:31:29.344" rpa="false">
<suite id="s1" name="Login" source="c:\roboweek\ninjachef\mobile\tests\login.robot">
<test id="s1-t1" name="Acessar o cardapio">
<kw name="Open Session" library="base" type="setup">
<kw name="Open Application" library="AppiumLibrary">
<doc>Opens a new application to given Appium server.
Capabilities of appium server, Android and iOS,
Please check https://github.com/appium/appium/blob/master/docs/en/writing-running-appium/server-args.md
| *Option*            | *Man.* | *Description*     |
| remote_url          | Yes    | Appium server url |
| alias               | no     | alias             |</doc>
<arguments>
<arg>http://localhost:4723/wd/hub</arg>
<arg>automationName=UiAutomator2</arg>
<arg>platformName=Android</arg>
<arg>deviceName=Emulator</arg>
<arg>app=${EXECDIR}/app/ninjachef.apk</arg>
<arg>udid=emulator-5554</arg>
<arg>adbExecTimeout=120000</arg>
</arguments>
<status status="PASS" starttime="20200727 21:31:29.656" endtime="20200727 21:32:00.702"></status>
</kw>
<status status="PASS" starttime="20200727 21:31:29.656" endtime="20200727 21:32:00.702"></status>
</kw>
<kw name="Dado que desejo comer &quot;Massas&quot;" library="kws">
<kw name="Set Test Variable" library="BuiltIn">
<doc>Makes a variable available everywhere within the scope of the current test.</doc>
<arguments>
<arg>${prato}</arg>
</arguments>
<msg timestamp="20200727 21:32:00.707" level="INFO">${prato} = Massas</msg>
<status status="PASS" starttime="20200727 21:32:00.706" endtime="20200727 21:32:00.708"></status>
</kw>
<status status="PASS" starttime="20200727 21:32:00.703" endtime="20200727 21:32:00.708"></status>
</kw>
<kw name="Quando submeto meu email &quot;antonio@gmail.com&quot;" library="kws">
<kw name="Wait Until Page Contains" library="AppiumLibrary">
<doc>Waits until `text` appears on current page.</doc>
<arguments>
<arg>Buscar Prato</arg>
<arg>10</arg>
</arguments>
<status status="PASS" starttime="20200727 21:32:00.712" endtime="20200727 21:32:04.168"></status>
</kw>
<kw name="Input Text" library="AppiumLibrary">
<doc>Types the given `text` into text field identified by `locator`.</doc>
<arguments>
<arg>accessibility_id=emailInput</arg>
<arg>${email}</arg>
</arguments>
<msg timestamp="20200727 21:32:04.171" level="INFO">Typing text 'antonio@gmail.com' into text field 'accessibility_id=emailInput'</msg>
<status status="PASS" starttime="20200727 21:32:04.168" endtime="20200727 21:32:04.274"></status>
</kw>
<kw name="Input Text" library="AppiumLibrary">
<doc>Types the given `text` into text field identified by `locator`.</doc>
<arguments>
<arg>accessibility_id=plateInput</arg>
<arg>${prato}</arg>
</arguments>
<msg timestamp="20200727 21:32:04.278" level="INFO">Typing text 'Massas' into text field 'accessibility_id=plateInput'</msg>
<status status="PASS" starttime="20200727 21:32:04.275" endtime="20200727 21:32:04.851"></status>
</kw>
<kw name="Click Text" library="AppiumLibrary">
<doc>Click text identified by ``text``.</doc>
<arguments>
<arg>Buscar Prato</arg>
</arguments>
<status status="PASS" starttime="20200727 21:32:04.851" endtime="20200727 21:32:05.587"></status>
</kw>
<status status="PASS" starttime="20200727 21:32:00.711" endtime="20200727 21:32:05.587"></status>
</kw>
<kw name="Então devo ver a lista de pratos por tipo" library="kws">
<kw name="Wait Until Page Contains" library="AppiumLibrary">
<doc>Waits until `text` appears on current page.</doc>
<arguments>
<arg>Fome de ${prato}</arg>
</arguments>
<status status="PASS" starttime="20200727 21:32:05.589" endtime="20200727 21:32:07.012"></status>
</kw>
<kw name="Wait Until Page Contains" library="AppiumLibrary">
<doc>Waits until `text` appears on current page.</doc>
<arguments>
<arg>Quero</arg>
</arguments>
<status status="PASS" starttime="20200727 21:32:07.012" endtime="20200727 21:32:08.594"></status>
</kw>
<status status="PASS" starttime="20200727 21:32:05.588" endtime="20200727 21:32:08.595"></status>
</kw>
<kw name="Close Session" library="base" type="teardown">
<kw name="Capture Page Screenshot" library="AppiumLibrary">
<doc>Takes a screenshot of the current page and embeds it into the log.</doc>
<msg timestamp="20200727 21:32:09.187" level="INFO" html="yes">&lt;/td&gt;&lt;/tr&gt;&lt;tr&gt;&lt;td colspan="3"&gt;&lt;a href="appium-screenshot-1.png"&gt;&lt;img src="appium-screenshot-1.png" width="800px"&gt;&lt;/a&gt;</msg>
<status status="PASS" starttime="20200727 21:32:08.596" endtime="20200727 21:32:09.187"></status>
</kw>
<kw name="Close Application" library="AppiumLibrary">
<doc>Closes the current application and also close webdriver session.</doc>
<status status="PASS" starttime="20200727 21:32:09.187" endtime="20200727 21:32:11.258"></status>
</kw>
<status status="PASS" starttime="20200727 21:32:08.596" endtime="20200727 21:32:11.259"></status>
</kw>
<status status="PASS" starttime="20200727 21:31:29.654" endtime="20200727 21:32:11.259" critical="yes"></status>
</test>
<doc>Testes do login no NinjaChef Mobile</doc>
<status status="PASS" starttime="20200727 21:31:29.353" endtime="20200727 21:32:11.261"></status>
</suite>
<statistics>
<total>
<stat pass="1" fail="0">Critical Tests</stat>
<stat pass="1" fail="0">All Tests</stat>
</total>
<tag>
</tag>
<suite>
<stat pass="1" fail="0" id="s1" name="Login">Login</stat>
</suite>
</statistics>
<errors>
</errors>
</robot>
